# JRE version: OpenJDK Runtime Environment Temurin-21.0.9+10 (21.0.9+10) (build 21.0.9+10-LTS)
# Java VM: OpenJDK 64-Bit Server VM Temurin-21.0.9+10 (21.0.9+10-LTS, mixed mode, sharing, tiered, compressed oops, compressed class ptrs, parallel gc, windows-amd64)
GC Precious Log:
 CardTable entry size: 512
 CPUs: 4 total, 4 available
 Memory: 8026M
 Large Page Support: Disabled
 NUMA Support: Disabled
 Compressed Oops: Enabled (32-bit)
 Alignments: Space 512K, Generation 512K, Heap 2M
 Heap Min Capacity: 100M
 Heap Initial Capacity: 100M
 Heap Max Capacity: 2G
 Pre-touch: Disabled
 Parallel Workers: 4
Heap:
 PSYoungGen      total 16384K, used 9398K [0x00000000d5580000, 0x00000000d6c00000, 0x0000000100000000)
  eden space 14848K, 53% used [0x00000000d5580000,0x00000000d5d306b0,0x00000000d6400000)
  from space 1536K, 99% used [0x00000000d6780000,0x00000000d68fd200,0x00000000d6900000)
  to   space 3584K, 0% used [0x00000000d6400000,0x00000000d6400000,0x00000000d6780000)
 ParOldGen       total 136704K, used 136437K [0x0000000080000000, 0x0000000088580000, 0x00000000d5580000)
  object space 136704K, 99% used [0x0000000080000000,0x000000008853d6d8,0x0000000088580000)
 Metaspace       used 77347K, committed 79104K, reserved 1179648K
  class space    used 8153K, committed 8896K, reserved 1048576K
GC Heap History (20 events):
Event: 61170.097 GC heap before
{Heap before GC invocations=92 (full 3):
 PSYoungGen      total 23040K, used 22828K [0x00000000d5580000, 0x00000000d7100000, 0x0000000100000000)
  eden space 19968K, 100% used [0x00000000d5580000,0x00000000d6900000,0x00000000d6900000)
  from space 3072K, 93% used [0x00000000d6e00000,0x00000000d70cb2e0,0x00000000d7100000)
  to   space 3072K, 0% used [0x00000000d6b00000,0x00000000d6b00000,0x00000000d6e00000)
 ParOldGen       total 89088K, used 88907K [0x0000000080000000, 0x0000000085700000, 0x00000000d5580000)
  object space 89088K, 99% used [0x0000000080000000,0x00000000856d2f30,0x0000000085700000)
 Metaspace       used 74063K, committed 75584K, reserved 1179648K
  class space    used 7925K, committed 8512K, reserved 1048576K
}
Event: 61170.110 GC heap after
{Heap after GC invocations=92 (full 3):
 PSYoungGen      total 22016K, used 1792K [0x00000000d5580000, 0x00000000d6e80000, 0x0000000100000000)
  eden space 19968K, 0% used [0x00000000d5580000,0x00000000d5580000,0x00000000d6900000)
  from space 2048K, 87% used [0x00000000d6b00000,0x00000000d6cc0020,0x00000000d6d00000)
  to   space 1536K, 0% used [0x00000000d6d00000,0x00000000d6d00000,0x00000000d6e80000)
 ParOldGen       total 91648K, used 91343K [0x0000000080000000, 0x0000000085980000, 0x00000000d5580000)
  object space 91648K, 99% used [0x0000000080000000,0x0000000085933db8,0x0000000085980000)
 Metaspace       used 74063K, committed 75584K, reserved 1179648K
  class space    used 7925K, committed 8512K, reserved 1048576K
}
Event: 61193.277 GC heap before
{Heap before GC invocations=93 (full 3):
 PSYoungGen      total 22016K, used 21738K [0x00000000d5580000, 0x00000000d6e80000, 0x0000000100000000)
  eden space 19968K, 99% used [0x00000000d5580000,0x00000000d68fa898,0x00000000d6900000)
  from space 2048K, 87% used [0x00000000d6b00000,0x00000000d6cc0020,0x00000000d6d00000)
  to   space 1536K, 0% used [0x00000000d6d00000,0x00000000d6d00000,0x00000000d6e80000)
 ParOldGen       total 115200K, used 114383K [0x0000000080000000, 0x0000000087080000, 0x00000000d5580000)
  object space 115200K, 99% used [0x0000000080000000,0x0000000086fb3dd8,0x0000000087080000)
 Metaspace       used 74464K, committed 76096K, reserved 1179648K
  class space    used 7959K, committed 8576K, reserved 1048576K
}
Event: 61193.291 GC heap after
{Heap after GC invocations=93 (full 3):
 PSYoungGen      total 17408K, used 1525K [0x00000000d5580000, 0x00000000d7900000, 0x0000000100000000)
  eden space 15872K, 0% used [0x00000000d5580000,0x00000000d5580000,0x00000000d6500000)
  from space 1536K, 99% used [0x00000000d6d00000,0x00000000d6e7d6d0,0x00000000d6e80000)
  to   space 8192K, 0% used [0x00000000d6500000,0x00000000d6500000,0x00000000d6d00000)
 ParOldGen       total 120320K, used 119973K [0x0000000080000000, 0x0000000087580000, 0x00000000d5580000)
  object space 120320K, 99% used [0x0000000080000000,0x0000000087529620,0x0000000087580000)
 Metaspace       used 74464K, committed 76096K, reserved 1179648K
  class space    used 7959K, committed 8576K, reserved 1048576K
}
Event: 61222.271 GC heap before
{Heap before GC invocations=94 (full 3):
 PSYoungGen      total 17408K, used 17397K [0x00000000d5580000, 0x00000000d7900000, 0x0000000100000000)
  eden space 15872K, 99% used [0x00000000d5580000,0x00000000d64ffff8,0x00000000d6500000)
  from space 1536K, 99% used [0x00000000d6d00000,0x00000000d6e7d6d0,0x00000000d6e80000)
  to   space 8192K, 0% used [0x00000000d6500000,0x00000000d6500000,0x00000000d6d00000)
 ParOldGen       total 120320K, used 119973K [0x0000000080000000, 0x0000000087580000, 0x00000000d5580000)
  object space 120320K, 99% used [0x0000000080000000,0x0000000087529620,0x0000000087580000)
 Metaspace       used 74719K, committed 76288K, reserved 1179648K
  class space    used 7974K, committed 8576K, reserved 1048576K
}
Event: 61222.354 GC heap after
{Heap after GC invocations=94 (full 3):
 PSYoungGen      total 18432K, used 2356K [0x00000000d5580000, 0x00000000d6d80000, 0x0000000100000000)
  eden space 15872K, 0% used [0x00000000d5580000,0x00000000d5580000,0x00000000d6500000)
  from space 2560K, 92% used [0x00000000d6500000,0x00000000d674d220,0x00000000d6780000)
  to   space 4096K, 0% used [0x00000000d6980000,0x00000000d6980000,0x00000000d6d80000)
 ParOldGen       total 120320K, used 120045K [0x0000000080000000, 0x0000000087580000, 0x00000000d5580000)
  object space 120320K, 99% used [0x0000000080000000,0x000000008753b620,0x0000000087580000)
 Metaspace       used 74719K, committed 76288K, reserved 1179648K
  class space    used 7974K, committed 8576K, reserved 1048576K
}
Event: 61224.876 GC heap before
{Heap before GC invocations=95 (full 3):
 PSYoungGen      total 18432K, used 18228K [0x00000000d5580000, 0x00000000d6d80000, 0x0000000100000000)
  eden space 15872K, 100% used [0x00000000d5580000,0x00000000d6500000,0x00000000d6500000)
  from space 2560K, 92% used [0x00000000d6500000,0x00000000d674d220,0x00000000d6780000)
  to   space 4096K, 0% used [0x00000000d6980000,0x00000000d6980000,0x00000000d6d80000)
 ParOldGen       total 120320K, used 120045K [0x0000000080000000, 0x0000000087580000, 0x00000000d5580000)
  object space 120320K, 99% used [0x0000000080000000,0x000000008753b620,0x0000000087580000)
 Metaspace       used 75479K, committed 77120K, reserved 1179648K
  class space    used 8040K, committed 8704K, reserved 1048576K
}
Event: 61224.888 GC heap after
{Heap after GC invocations=95 (full 3):
 PSYoungGen      total 16384K, used 218K [0x00000000d5580000, 0x00000000d6a00000, 0x0000000100000000)
  eden space 15872K, 0% used [0x00000000d5580000,0x00000000d5580000,0x00000000d6500000)
  from space 512K, 42% used [0x00000000d6980000,0x00000000d69b6900,0x00000000d6a00000)
  to   space 1536K, 0% used [0x00000000d6700000,0x00000000d6700000,0x00000000d6880000)
 ParOldGen       total 122368K, used 122097K [0x0000000080000000, 0x0000000087780000, 0x00000000d5580000)
  object space 122368K, 99% used [0x0000000080000000,0x000000008773c708,0x0000000087780000)
 Metaspace       used 75479K, committed 77120K, reserved 1179648K
  class space    used 8040K, committed 8704K, reserved 1048576K
}
Event: 61453.248 GC heap before
{Heap before GC invocations=96 (full 3):
 PSYoungGen      total 16384K, used 16090K [0x00000000d5580000, 0x00000000d6a00000, 0x0000000100000000)
  eden space 15872K, 100% used [0x00000000d5580000,0x00000000d6500000,0x00000000d6500000)
  from space 512K, 42% used [0x00000000d6980000,0x00000000d69b6900,0x00000000d6a00000)
  to   space 1536K, 0% used [0x00000000d6700000,0x00000000d6700000,0x00000000d6880000)
 ParOldGen       total 122368K, used 122097K [0x0000000080000000, 0x0000000087780000, 0x00000000d5580000)
  object space 122368K, 99% used [0x0000000080000000,0x000000008773c708,0x0000000087780000)
 Metaspace       used 75623K, committed 77248K, reserved 1179648K
  class space    used 8053K, committed 8704K, reserved 1048576K
}
Event: 61453.382 GC heap after
{Heap after GC invocations=96 (full 3):
 PSYoungGen      total 17408K, used 1526K [0x00000000d5580000, 0x00000000d7200000, 0x0000000100000000)
  eden space 15872K, 0% used [0x00000000d5580000,0x00000000d5580000,0x00000000d6500000)
  from space 1536K, 99% used [0x00000000d6700000,0x00000000d687d9f0,0x00000000d6880000)
  to   space 6656K, 0% used [0x00000000d6b80000,0x00000000d6b80000,0x00000000d7200000)
 ParOldGen       total 125952K, used 125911K [0x0000000080000000, 0x0000000087b00000, 0x00000000d5580000)
  object space 125952K, 99% used [0x0000000080000000,0x0000000087af5f80,0x0000000087b00000)
 Metaspace       used 75623K, committed 77248K, reserved 1179648K
  class space    used 8053K, committed 8704K, reserved 1048576K
}
Event: 61461.892 GC heap before
{Heap before GC invocations=97 (full 3):
 PSYoungGen      total 17408K, used 17398K [0x00000000d5580000, 0x00000000d7200000, 0x0000000100000000)
  eden space 15872K, 100% used [0x00000000d5580000,0x00000000d6500000,0x00000000d6500000)
  from space 1536K, 99% used [0x00000000d6700000,0x00000000d687d9f0,0x00000000d6880000)
  to   space 6656K, 0% used [0x00000000d6b80000,0x00000000d6b80000,0x00000000d7200000)
 ParOldGen       total 125952K, used 125911K [0x0000000080000000, 0x0000000087b00000, 0x00000000d5580000)
  object space 125952K, 99% used [0x0000000080000000,0x0000000087af5f80,0x0000000087b00000)
 Metaspace       used 76033K, committed 77696K, reserved 1179648K
  class space    used 8092K, committed 8768K, reserved 1048576K
}
Event: 61461.898 GC heap after
{Heap after GC invocations=97 (full 3):
 PSYoungGen      total 21504K, used 5138K [0x00000000d5580000, 0x00000000d7100000, 0x0000000100000000)
  eden space 15872K, 0% used [0x00000000d5580000,0x00000000d5580000,0x00000000d6500000)
  from space 5632K, 91% used [0x00000000d6b80000,0x00000000d7084818,0x00000000d7100000)
  to   space 5632K, 0% used [0x00000000d6600000,0x00000000d6600000,0x00000000d6b80000)
 ParOldGen       total 126464K, used 125967K [0x0000000080000000, 0x0000000087b80000, 0x00000000d5580000)
  object space 126464K, 99% used [0x0000000080000000,0x0000000087b03f80,0x0000000087b80000)
 Metaspace       used 76033K, committed 77696K, reserved 1179648K
  class space    used 8092K, committed 8768K, reserved 1048576K
}
Event: 61462.688 GC heap before
{Heap before GC invocations=98 (full 3):
 PSYoungGen      total 21504K, used 21010K [0x00000000d5580000, 0x00000000d7100000, 0x0000000100000000)
  eden space 15872K, 100% used [0x00000000d5580000,0x00000000d6500000,0x00000000d6500000)
  from space 5632K, 91% used [0x00000000d6b80000,0x00000000d7084818,0x00000000d7100000)
  to   space 5632K, 0% used [0x00000000d6600000,0x00000000d6600000,0x00000000d6b80000)
 ParOldGen       total 126464K, used 125967K [0x0000000080000000, 0x0000000087b80000, 0x00000000d5580000)
  object space 126464K, 99% used [0x0000000080000000,0x0000000087b03f80,0x0000000087b80000)
 Metaspace       used 76333K, committed 77952K, reserved 1179648K
  class space    used 8104K, committed 8768K, reserved 1048576K
}
Event: 61462.697 GC heap after
{Heap after GC invocations=98 (full 3):
 PSYoungGen      total 17920K, used 1920K [0x00000000d5580000, 0x00000000d6c00000, 0x0000000100000000)
  eden space 15872K, 0% used [0x00000000d5580000,0x00000000d5580000,0x00000000d6500000)
  from space 2048K, 93% used [0x00000000d6600000,0x00000000d67e0000,0x00000000d6800000)
  to   space 3584K, 0% used [0x00000000d6880000,0x00000000d6880000,0x00000000d6c00000)
 ParOldGen       total 131072K, used 131007K [0x0000000080000000, 0x0000000088000000, 0x00000000d5580000)
  object space 131072K, 99% used [0x0000000080000000,0x0000000087fefd10,0x0000000088000000)
 Metaspace       used 76333K, committed 77952K, reserved 1179648K
  class space    used 8104K, committed 8768K, reserved 1048576K
}
Event: 61465.119 GC heap before
{Heap before GC invocations=99 (full 3):
 PSYoungGen      total 17920K, used 17791K [0x00000000d5580000, 0x00000000d6c00000, 0x0000000100000000)
  eden space 15872K, 99% used [0x00000000d5580000,0x00000000d64ffff0,0x00000000d6500000)
  from space 2048K, 93% used [0x00000000d6600000,0x00000000d67e0000,0x00000000d6800000)
  to   space 3584K, 0% used [0x00000000d6880000,0x00000000d6880000,0x00000000d6c00000)
 ParOldGen       total 131072K, used 131007K [0x0000000080000000, 0x0000000088000000, 0x00000000d5580000)
  object space 131072K, 99% used [0x0000000080000000,0x0000000087fefd10,0x0000000088000000)
 Metaspace       used 76719K, committed 78336K, reserved 1179648K
  class space    used 8114K, committed 8768K, reserved 1048576K
}
Event: 61465.134 GC heap after
{Heap after GC invocations=99 (full 3):
 PSYoungGen      total 18432K, used 2230K [0x00000000d5580000, 0x00000000d6b00000, 0x0000000100000000)
  eden space 15872K, 0% used [0x00000000d5580000,0x00000000d5580000,0x00000000d6500000)
  from space 2560K, 87% used [0x00000000d6880000,0x00000000d6aadb78,0x00000000d6b00000)
  to   space 2560K, 0% used [0x00000000d6600000,0x00000000d6600000,0x00000000d6880000)
 ParOldGen       total 133120K, used 132840K [0x0000000080000000, 0x0000000088200000, 0x00000000d5580000)
  object space 133120K, 99% used [0x0000000080000000,0x00000000881ba0a0,0x0000000088200000)
 Metaspace       used 76719K, committed 78336K, reserved 1179648K
  class space    used 8114K, committed 8768K, reserved 1048576K
}
Event: 61469.913 GC heap before
{Heap before GC invocations=100 (full 3):
 PSYoungGen      total 18432K, used 18102K [0x00000000d5580000, 0x00000000d6b00000, 0x0000000100000000)
  eden space 15872K, 100% used [0x00000000d5580000,0x00000000d6500000,0x00000000d6500000)
  from space 2560K, 87% used [0x00000000d6880000,0x00000000d6aadb78,0x00000000d6b00000)
  to   space 2560K, 0% used [0x00000000d6600000,0x00000000d6600000,0x00000000d6880000)
 ParOldGen       total 133120K, used 132840K [0x0000000080000000, 0x0000000088200000, 0x00000000d5580000)
  object space 133120K, 99% used [0x0000000080000000,0x00000000881ba0a0,0x0000000088200000)
 Metaspace       used 76950K, committed 78656K, reserved 1179648K
  class space    used 8123K, committed 8832K, reserved 1048576K
}
Event: 61469.922 GC heap after
{Heap after GC invocations=100 (full 3):
 PSYoungGen      total 17408K, used 1471K [0x00000000d5580000, 0x00000000d6900000, 0x0000000100000000)
  eden space 15872K, 0% used [0x00000000d5580000,0x00000000d5580000,0x00000000d6500000)
  from space 1536K, 95% used [0x00000000d6600000,0x00000000d676ff80,0x00000000d6780000)
  to   space 1536K, 0% used [0x00000000d6780000,0x00000000d6780000,0x00000000d6900000)
 ParOldGen       total 135168K, used 134913K [0x0000000080000000, 0x0000000088400000, 0x00000000d5580000)
  object space 135168K, 99% used [0x0000000080000000,0x00000000883c0420,0x0000000088400000)
 Metaspace       used 76950K, committed 78656K, reserved 1179648K
  class space    used 8123K, committed 8832K, reserved 1048576K
}
Event: 61471.805 GC heap before
{Heap before GC invocations=101 (full 3):
 PSYoungGen      total 17408K, used 17343K [0x00000000d5580000, 0x00000000d6900000, 0x0000000100000000)
  eden space 15872K, 100% used [0x00000000d5580000,0x00000000d6500000,0x00000000d6500000)
  from space 1536K, 95% used [0x00000000d6600000,0x00000000d676ff80,0x00000000d6780000)
  to   space 1536K, 0% used [0x00000000d6780000,0x00000000d6780000,0x00000000d6900000)
 ParOldGen       total 135168K, used 134913K [0x0000000080000000, 0x0000000088400000, 0x00000000d5580000)
  object space 135168K, 99% used [0x0000000080000000,0x00000000883c0420,0x0000000088400000)
 Metaspace       used 77038K, committed 78720K, reserved 1179648K
  class space    used 8128K, committed 8832K, reserved 1048576K
}
Event: 61471.811 GC heap after
{Heap after GC invocations=101 (full 3):
 PSYoungGen      total 16384K, used 1524K [0x00000000d5580000, 0x00000000d6c00000, 0x0000000100000000)
  eden space 14848K, 0% used [0x00000000d5580000,0x00000000d5580000,0x00000000d6400000)
  from space 1536K, 99% used [0x00000000d6780000,0x00000000d68fd200,0x00000000d6900000)
  to   space 3584K, 0% used [0x00000000d6400000,0x00000000d6400000,0x00000000d6780000)
 ParOldGen       total 136704K, used 136437K [0x0000000080000000, 0x0000000088580000, 0x00000000d5580000)
  object space 136704K, 99% used [0x0000000080000000,0x000000008853d6d8,0x0000000088580000)
 Metaspace       used 77038K, committed 78720K, reserved 1179648K
  class space    used 8128K, committed 8832K, reserved 1048576K
}

